c:\users\илья\source\repos\painter\painter\release\vc142.pdb
c:\users\илья\source\repos\painter\painter\release\source.obj
c:\users\илья\source\repos\painter\release\painter.exe
c:\users\илья\source\repos\painter\painter\release\painter.ipdb
c:\users\илья\source\repos\painter\painter\release\painter.iobj
c:\users\илья\source\repos\painter\release\painter.pdb
c:\users\илья\source\repos\painter\release\opencv_core.dll
c:\users\илья\source\repos\painter\release\zlib1.dll
c:\users\илья\source\repos\painter\release\opencv_highgui.dll
c:\users\илья\source\repos\painter\release\opencv_videoio.dll
c:\users\илья\source\repos\painter\release\opencv_imgcodecs.dll
c:\users\илья\source\repos\painter\release\opencv_imgproc.dll
c:\users\илья\source\repos\painter\release\jpeg62.dll
c:\users\илья\source\repos\painter\release\webp.dll
c:\users\илья\source\repos\painter\release\libpng16.dll
c:\users\илья\source\repos\painter\release\tiff.dll
c:\users\илья\source\repos\painter\release\liblzma.dll
c:\users\илья\source\repos\painter\painter\release\painter.tlog\cl.command.1.tlog
c:\users\илья\source\repos\painter\painter\release\painter.tlog\cl.read.1.tlog
c:\users\илья\source\repos\painter\painter\release\painter.tlog\cl.write.1.tlog
c:\users\илья\source\repos\painter\painter\release\painter.tlog\link.command.1.tlog
c:\users\илья\source\repos\painter\painter\release\painter.tlog\link.read.1.tlog
c:\users\илья\source\repos\painter\painter\release\painter.tlog\link.write.1.tlog
c:\users\илья\source\repos\painter\painter\release\painter.tlog\painter.write.1u.tlog
